22:20:36.850 [main] INFO  testBase.BaseClass - Clicking on my account.......
22:20:36.941 [main] INFO  testBase.BaseClass - Clicking on Login......
22:20:47.132 [main] INFO  testBase.BaseClass - ********Tc_003_AccountRegistration Started***********
22:20:47.132 [main] INFO  testBase.BaseClass - Clicking on my account.......
22:20:47.217 [main] INFO  testBase.BaseClass - Clicking on Login......
22:20:57.385 [main] INFO  testBase.BaseClass - ********Tc_003_AccountRegistration Started***********
22:20:57.385 [main] INFO  testBase.BaseClass - Clicking on my account.......
22:20:57.467 [main] INFO  testBase.BaseClass - Clicking on Login......
22:23:48.476 [main] INFO  testBase.BaseClass - ********Tc_003_AccountRegistration Started***********
22:23:48.494 [main] INFO  testBase.BaseClass - Clicking on my account.......
22:23:48.552 [main] INFO  testBase.BaseClass - Clicking on Login......
22:23:50.555 [main] INFO  testBase.BaseClass - ********Tc_003_AccountRegistration Started***********
22:23:50.556 [main] INFO  testBase.BaseClass - Clicking on my account.......
22:23:50.631 [main] INFO  testBase.BaseClass - Clicking on Login......
22:24:01.574 [main] INFO  testBase.BaseClass - ********Tc_003_AccountRegistration Started***********
22:24:01.574 [main] INFO  testBase.BaseClass - Clicking on my account.......
22:24:01.663 [main] INFO  testBase.BaseClass - Clicking on Login......
22:24:12.632 [main] INFO  testBase.BaseClass - ********Tc_003_AccountRegistration Started***********
22:24:12.632 [main] INFO  testBase.BaseClass - Clicking on my account.......
22:24:12.732 [main] INFO  testBase.BaseClass - Clicking on Login......
22:24:24.004 [main] INFO  testBase.BaseClass - ********Tc_003_AccountRegistration Started***********
22:24:24.004 [main] INFO  testBase.BaseClass - Clicking on my account.......
22:24:24.093 [main] INFO  testBase.BaseClass - Clicking on Login......
22:25:25.397 [main] INFO  testBase.BaseClass - ********Tc_003_AccountRegistration Started***********
22:25:25.415 [main] INFO  testBase.BaseClass - Clicking on my account.......
22:25:25.466 [main] INFO  testBase.BaseClass - Clicking on Login......
22:25:27.392 [main] INFO  testBase.BaseClass - ********Tc_003_AccountRegistration finished***********
22:25:27.409 [main] INFO  testBase.BaseClass - ********Tc_003_AccountRegistration Started***********
22:25:27.409 [main] INFO  testBase.BaseClass - Clicking on my account.......
22:25:27.507 [main] INFO  testBase.BaseClass - Clicking on Login......
22:25:38.409 [main] INFO  testBase.BaseClass - ********Tc_003_AccountRegistration finished***********
22:25:38.413 [main] INFO  testBase.BaseClass - ********Tc_003_AccountRegistration Started***********
22:25:38.414 [main] INFO  testBase.BaseClass - Clicking on my account.......
22:25:38.500 [main] INFO  testBase.BaseClass - Clicking on Login......
22:25:49.475 [main] INFO  testBase.BaseClass - ********Tc_003_AccountRegistration finished***********
22:25:49.475 [main] INFO  testBase.BaseClass - ********Tc_003_AccountRegistration Started***********
22:25:49.479 [main] INFO  testBase.BaseClass - Clicking on my account.......
22:25:49.566 [main] INFO  testBase.BaseClass - Clicking on Login......
22:26:00.882 [main] INFO  testBase.BaseClass - ********Tc_003_AccountRegistration finished***********
22:26:00.888 [main] INFO  testBase.BaseClass - ********Tc_003_AccountRegistration Started***********
22:26:00.888 [main] INFO  testBase.BaseClass - Clicking on my account.......
22:26:00.995 [main] INFO  testBase.BaseClass - Clicking on Login......
22:26:03.224 [main] INFO  testBase.BaseClass - ********Tc_003_AccountRegistration finished***********
13:45:31.680 [main] INFO  testBase.BaseClass - ********Tc_001_AccountRegistration Started***********
13:45:31.709 [main] INFO  testBase.BaseClass - Clicking on my account....
13:45:31.797 [main] INFO  testBase.BaseClass - Clicking on register.....
13:45:32.419 [main] INFO  testBase.BaseClass - Providing customer details...
13:45:33.776 [main] INFO  testBase.BaseClass - Registration successful..
13:45:33.780 [main] INFO  testBase.BaseClass - ********Tc_001_AccountRegistration Finished***********
13:45:37.124 [main] INFO  testBase.BaseClass - Clicking on my account.......
13:45:37.199 [main] INFO  testBase.BaseClass - Clicking on Login......
13:46:41.146 [main] INFO  testBase.BaseClass - Clicking on my account.......
13:46:41.222 [main] INFO  testBase.BaseClass - Clicking on Login......
13:47:32.026 [main] INFO  testBase.BaseClass - ********Tc_001_AccountRegistration Started***********
13:47:32.064 [main] INFO  testBase.BaseClass - Clicking on my account....
13:47:32.166 [main] INFO  testBase.BaseClass - Clicking on register.....
13:47:32.875 [main] INFO  testBase.BaseClass - Providing customer details...
13:47:34.173 [main] INFO  testBase.BaseClass - Registration successful..
13:47:34.178 [main] INFO  testBase.BaseClass - ********Tc_001_AccountRegistration Finished***********
