18:30:23.167 [main] INFO  testBase.BaseClass - Clicking on Login......
18:32:19.752 [main] INFO  testBase.BaseClass - Clicking on my account.......
18:32:19.821 [main] INFO  testBase.BaseClass - Clicking on Login......
18:32:59.252 [main] INFO  testBase.BaseClass - Clicking on my account.......
18:32:59.320 [main] INFO  testBase.BaseClass - Clicking on Login......
18:34:04.488 [main] INFO  testBase.BaseClass - Clicking on my account.......
18:34:04.576 [main] INFO  testBase.BaseClass - Clicking on Login......
18:38:50.837 [main] INFO  testBase.BaseClass - Clicking on my account.......
18:38:50.926 [main] INFO  testBase.BaseClass - Clicking on Login......
18:39:53.024 [main] INFO  testBase.BaseClass - ********Tc_001_AccountRegistration Started***********
18:39:53.052 [main] INFO  testBase.BaseClass - Clicking on my account....
18:39:53.158 [main] INFO  testBase.BaseClass - Clicking on register.....
18:39:53.772 [main] INFO  testBase.BaseClass - Providing customer details...
18:39:55.133 [main] ERROR testBase.BaseClass - Registration failed
18:39:58.269 [main] INFO  testBase.BaseClass - Clicking on my account.......
18:39:58.340 [main] INFO  testBase.BaseClass - Clicking on Login......
18:40:47.875 [main] INFO  testBase.BaseClass - ********Tc_001_AccountRegistration Started***********
18:40:47.898 [main] INFO  testBase.BaseClass - Clicking on my account....
18:40:47.971 [main] INFO  testBase.BaseClass - Clicking on register.....
18:40:48.566 [main] INFO  testBase.BaseClass - Providing customer details...
18:40:49.771 [main] INFO  testBase.BaseClass - Registration successful..
18:40:49.773 [main] INFO  testBase.BaseClass - ********Tc_001_AccountRegistration Finished***********
18:40:52.924 [main] INFO  testBase.BaseClass - Clicking on my account.......
18:40:52.992 [main] INFO  testBase.BaseClass - Clicking on Login......
22:11:33.474 [main] INFO  testBase.BaseClass - ********Tc_003_AccountRegistration Started***********
22:11:33.491 [main] INFO  testBase.BaseClass - Clicking on my account.......
22:11:33.553 [main] INFO  testBase.BaseClass - Clicking on Login......
22:11:34.722 [main] INFO  testBase.BaseClass - ********Tc_003_AccountRegistration Started***********
22:11:34.722 [main] INFO  testBase.BaseClass - Clicking on my account.......
22:11:34.813 [main] INFO  testBase.BaseClass - Clicking on Login......
22:11:45.045 [main] INFO  testBase.BaseClass - ********Tc_003_AccountRegistration Started***********
22:11:45.056 [main] INFO  testBase.BaseClass - Clicking on my account.......
22:11:45.138 [main] INFO  testBase.BaseClass - Clicking on Login......
22:11:55.363 [main] INFO  testBase.BaseClass - ********Tc_003_AccountRegistration Started***********
22:11:55.363 [main] INFO  testBase.BaseClass - Clicking on my account.......
22:11:55.450 [main] INFO  testBase.BaseClass - Clicking on Login......
22:12:05.612 [main] INFO  testBase.BaseClass - ********Tc_003_AccountRegistration Started***********
22:12:05.612 [main] INFO  testBase.BaseClass - Clicking on my account.......
22:12:05.689 [main] INFO  testBase.BaseClass - Clicking on Login......
22:17:40.562 [main] INFO  testBase.BaseClass - ********Tc_003_AccountRegistration Started***********
22:17:40.579 [main] INFO  testBase.BaseClass - Clicking on my account.......
22:17:40.642 [main] INFO  testBase.BaseClass - Clicking on Login......
22:17:41.810 [main] INFO  testBase.BaseClass - ********Tc_003_AccountRegistration Started***********
22:17:41.811 [main] INFO  testBase.BaseClass - Clicking on my account.......
22:17:41.894 [main] INFO  testBase.BaseClass - Clicking on Login......
22:17:52.124 [main] INFO  testBase.BaseClass - ********Tc_003_AccountRegistration Started***********
22:17:52.124 [main] INFO  testBase.BaseClass - Clicking on my account.......
22:17:52.196 [main] INFO  testBase.BaseClass - Clicking on Login......
22:18:02.387 [main] INFO  testBase.BaseClass - ********Tc_003_AccountRegistration Started***********
22:18:02.387 [main] INFO  testBase.BaseClass - Clicking on my account.......
22:18:02.466 [main] INFO  testBase.BaseClass - Clicking on Login......
22:18:12.646 [main] INFO  testBase.BaseClass - ********Tc_003_AccountRegistration Started***********
22:18:12.649 [main] INFO  testBase.BaseClass - Clicking on my account.......
22:18:12.736 [main] INFO  testBase.BaseClass - Clicking on Login......
22:20:25.131 [main] INFO  testBase.BaseClass - ********Tc_003_AccountRegistration Started***********
22:20:25.149 [main] INFO  testBase.BaseClass - Clicking on my account.......
22:20:25.209 [main] INFO  testBase.BaseClass - Clicking on Login......
22:20:26.578 [main] INFO  testBase.BaseClass - ********Tc_003_AccountRegistration Started***********
22:20:26.579 [main] INFO  testBase.BaseClass - Clicking on my account.......
22:20:26.637 [main] INFO  testBase.BaseClass - Clicking on Login......
22:20:36.850 [main] INFO  testBase.BaseClass - ********Tc_003_AccountRegistration Started***********
