23:28:37.256 [main] INFO  testBase.BaseClass - ********Tc_001_AccountRegistration Started***********
23:28:37.291 [main] INFO  testBase.BaseClass - Clicking on my account....
23:28:37.370 [main] INFO  testBase.BaseClass - Clicking on register.....
23:28:38.037 [main] INFO  testBase.BaseClass - Providing customer details...
23:28:39.840 [main] INFO  testBase.BaseClass - Registration successful..
23:28:39.845 [main] INFO  testBase.BaseClass - ********Tc_001_AccountRegistration Finished***********
23:30:57.896 [main] INFO  testBase.BaseClass - ********Tc_001_AccountRegistration Started***********
23:30:57.925 [main] INFO  testBase.BaseClass - Clicking on my account....
23:30:58.028 [main] INFO  testBase.BaseClass - Clicking on register.....
23:30:58.755 [main] INFO  testBase.BaseClass - Providing customer details...
23:31:00.053 [main] INFO  testBase.BaseClass - Registration successful..
23:31:00.054 [main] INFO  testBase.BaseClass - ********Tc_001_AccountRegistration Finished***********
23:31:06.400 [main] INFO  testBase.BaseClass - Clicking on my account.......
23:31:06.461 [main] INFO  testBase.BaseClass - Clicking on Login......
23:51:04.725 [main] INFO  testBase.BaseClass - ********Tc_001_AccountRegistration Started***********
23:51:04.777 [main] INFO  testBase.BaseClass - Clicking on my account....
23:51:04.859 [main] INFO  testBase.BaseClass - Clicking on register.....
23:51:05.772 [main] INFO  testBase.BaseClass - Providing customer details...
23:51:07.198 [main] INFO  testBase.BaseClass - Registration successful..
23:51:07.207 [main] INFO  testBase.BaseClass - ********Tc_001_AccountRegistration Finished***********
23:51:12.927 [main] INFO  testBase.BaseClass - Clicking on my account.......
23:51:13.024 [main] INFO  testBase.BaseClass - Clicking on Login......
00:42:10.034 [main] INFO  testBase.BaseClass - ********Tc_001_AccountRegistration Started***********
00:42:10.066 [main] INFO  testBase.BaseClass - Clicking on my account....
00:42:10.136 [main] INFO  testBase.BaseClass - Clicking on register.....
00:42:16.546 [main] INFO  testBase.BaseClass - Providing customer details...
00:42:18.245 [main] INFO  testBase.BaseClass - Registration successful..
00:42:18.247 [main] INFO  testBase.BaseClass - ********Tc_001_AccountRegistration Finished***********
00:42:23.291 [main] INFO  testBase.BaseClass - Clicking on my account.......
00:42:23.396 [main] INFO  testBase.BaseClass - Clicking on Login......
